<?xml version="1.0" encoding="UTF-8"?>
<coverage generated="1611973689">
  <project timestamp="1611973689">
    <package name="PinkCrab\Table_Builder\Builders">
      <file name="/shared/httpd/php/htdocs/pc_modules/Module__Table_Builder/src/Builders/DB_Delta.php">
        <class name="PinkCrab\Table_Builder\Builders\DB_Delta" namespace="PinkCrab\Table_Builder\Builders" fullPackage="DB">
          <metrics complexity="68" methods="17" coveredmethods="17" conditionals="0" coveredconditionals="0" statements="140" coveredstatements="140" elements="157" coveredelements="157"/>
        </class>
        <line num="50" type="method" name="__construct" visibility="public" complexity="1" crap="1" count="8"/>
        <line num="51" type="stmt" count="8"/>
        <line num="52" type="stmt" count="8"/>
        <line num="60" type="method" name="build" visibility="public" complexity="1" crap="1" count="7"/>
        <line num="61" type="stmt" count="7"/>
        <line num="62" type="stmt" count="7"/>
        <line num="63" type="stmt" count="4"/>
        <line num="64" type="stmt" count="4"/>
        <line num="72" type="method" name="drop" visibility="public" complexity="1" crap="1" count="1"/>
        <line num="73" type="stmt" count="1"/>
        <line num="74" type="stmt" count="1"/>
        <line num="75" type="stmt" count="1"/>
        <line num="83" type="method" name="validate_schema" visibility="protected" complexity="8" crap="8" count="7"/>
        <line num="85" type="stmt" count="7"/>
        <line num="86" type="stmt" count="1"/>
        <line num="90" type="stmt" count="6"/>
        <line num="91" type="stmt" count="6"/>
        <line num="93" type="stmt" count="6"/>
        <line num="94" type="stmt" count="6"/>
        <line num="95" type="stmt" count="5"/>
        <line num="96" type="stmt" count="6"/>
        <line num="97" type="stmt" count="6"/>
        <line num="99" type="stmt" count="6"/>
        <line num="100" type="stmt" count="1"/>
        <line num="103" type="stmt" count="5"/>
        <line num="104" type="stmt" count="2"/>
        <line num="106" type="stmt" count="4"/>
        <line num="114" type="method" name="validate_indexes" visibility="protected" complexity="7" crap="7" count="2"/>
        <line num="115" type="stmt" count="2"/>
        <line num="116" type="stmt" count="2"/>
        <line num="117" type="stmt" count="2"/>
        <line num="119" type="stmt" count="1"/>
        <line num="120" type="stmt" count="1"/>
        <line num="121" type="stmt" count="1"/>
        <line num="122" type="stmt" count="1"/>
        <line num="123" type="stmt" count="1"/>
        <line num="124" type="stmt" count="1"/>
        <line num="129" type="stmt" count="1"/>
        <line num="136" type="method" name="render" visibility="protected" complexity="1" crap="1" count="4"/>
        <line num="137" type="stmt" count="4"/>
        <line num="138" type="stmt" count="4"/>
        <line num="139" type="stmt" count="4"/>
        <line num="146" type="method" name="compile_create_sql" visibility="protected" complexity="1" crap="1" count="4"/>
        <line num="147" type="stmt" count="4"/>
        <line num="148" type="stmt" count="4"/>
        <line num="149" type="stmt" count="4"/>
        <line num="150" type="stmt" count="4"/>
        <line num="158" type="method" name="parse_primary_key" visibility="public" complexity="2" crap="2" count="4"/>
        <line num="159" type="stmt" count="4"/>
        <line num="160" type="stmt" count="4"/>
        <line num="168" type="method" name="parse_columns" visibility="protected" complexity="5" crap="5" count="4"/>
        <line num="169" type="stmt" count="4"/>
        <line num="170" type="stmt" count="4"/>
        <line num="171" type="stmt" count="4"/>
        <line num="173" type="stmt" count="4"/>
        <line num="175" type="stmt" count="4"/>
        <line num="176" type="stmt" count="2"/>
        <line num="180" type="stmt" count="4"/>
        <line num="181" type="stmt" count="4"/>
        <line num="185" type="stmt" count="4"/>
        <line num="186" type="stmt" count="4"/>
        <line num="190" type="stmt" count="4"/>
        <line num="191" type="stmt" count="4"/>
        <line num="194" type="stmt" count="4"/>
        <line num="195" type="stmt" count="4"/>
        <line num="196" type="stmt" count="4"/>
        <line num="207" type="method" name="parse_default" visibility="protected" complexity="2" crap="2" count="2"/>
        <line num="208" type="stmt" count="2"/>
        <line num="210" type="stmt" count="2"/>
        <line num="211" type="stmt" count="2"/>
        <line num="212" type="stmt" count="2"/>
        <line num="220" type="method" name="parse_indexes" visibility="protected" complexity="4" crap="4" count="4"/>
        <line num="222" type="stmt" count="4"/>
        <line num="224" type="stmt" count="4"/>
        <line num="226" type="stmt" count="4"/>
        <line num="227" type="stmt" count="4"/>
        <line num="229" type="stmt" count="1"/>
        <line num="230" type="stmt" count="1"/>
        <line num="231" type="stmt" count="1"/>
        <line num="232" type="stmt" count="4"/>
        <line num="233" type="stmt" count="4"/>
        <line num="235" type="stmt" count="4"/>
        <line num="239" type="stmt" count="4"/>
        <line num="240" type="stmt" count="4"/>
        <line num="242" type="stmt" count="4"/>
        <line num="243" type="stmt" count="4"/>
        <line num="246" type="stmt" count="4"/>
        <line num="247" type="stmt" count="4"/>
        <line num="256" type="method" name="parseForeignTableQuery" visibility="protected" complexity="1" crap="1" count="4"/>
        <line num="258" type="stmt" count="4"/>
        <line num="259" type="stmt" count="4"/>
        <line num="261" type="stmt" count="1"/>
        <line num="262" type="stmt" count="1"/>
        <line num="263" type="stmt" count="1"/>
        <line num="264" type="stmt" count="4"/>
        <line num="266" type="stmt" count="4"/>
        <line num="270" type="stmt" count="4"/>
        <line num="280" type="method" name="compile_foreign_key_query" visibility="protected" complexity="5" crap="5" count="1"/>
        <line num="281" type="stmt" count="1"/>
        <line num="282" type="stmt" count="1"/>
        <line num="283" type="stmt" count="1"/>
        <line num="285" type="stmt" count="1"/>
        <line num="286" type="stmt" count="1"/>
        <line num="292" type="stmt" count="1"/>
        <line num="293" type="stmt" count="1"/>
        <line num="296" type="stmt" count="1"/>
        <line num="297" type="stmt" count="1"/>
        <line num="298" type="stmt" count="1"/>
        <line num="299" type="stmt" count="1"/>
        <line num="304" type="stmt" count="1"/>
        <line num="305" type="stmt" count="1"/>
        <line num="306" type="stmt" count="1"/>
        <line num="307" type="stmt" count="1"/>
        <line num="310" type="stmt" count="1"/>
        <line num="321" type="method" name="index_local_table" visibility="protected" complexity="1" crap="1" count="1"/>
        <line num="322" type="stmt" count="1"/>
        <line num="323" type="stmt" count="1"/>
        <line num="324" type="stmt" count="1"/>
        <line num="326" type="stmt" count="1"/>
        <line num="327" type="stmt" count="1"/>
        <line num="338" type="method" name="compile_indexes" visibility="protected" complexity="2" crap="2" count="4"/>
        <line num="339" type="stmt" count="4"/>
        <line num="340" type="stmt" count="4"/>
        <line num="342" type="stmt" count="2"/>
        <line num="343" type="stmt" count="1"/>
        <line num="345" type="stmt" count="1"/>
        <line num="347" type="stmt" count="2"/>
        <line num="348" type="stmt" count="4"/>
        <line num="350" type="stmt" count="4"/>
        <line num="378" type="method" name="parse_type" visibility="protected" complexity="25" crap="25" count="5"/>
        <line num="379" type="stmt" count="5"/>
        <line num="380" type="stmt" count="5"/>
        <line num="382" type="stmt" count="5"/>
        <line num="383" type="stmt" count="5"/>
        <line num="384" type="stmt" count="5"/>
        <line num="385" type="stmt" count="5"/>
        <line num="386" type="stmt" count="5"/>
        <line num="387" type="stmt" count="5"/>
        <line num="389" type="stmt" count="5"/>
        <line num="390" type="stmt" count="5"/>
        <line num="391" type="stmt" count="5"/>
        <line num="392" type="stmt" count="5"/>
        <line num="393" type="stmt" count="5"/>
        <line num="394" type="stmt" count="3"/>
        <line num="395" type="stmt" count="3"/>
        <line num="397" type="stmt" count="3"/>
        <line num="398" type="stmt" count="3"/>
        <line num="399" type="stmt" count="3"/>
        <line num="400" type="stmt" count="3"/>
        <line num="401" type="stmt" count="3"/>
        <line num="403" type="stmt" count="3"/>
        <line num="404" type="stmt" count="1"/>
        <line num="405" type="stmt" count="1"/>
        <line num="406" type="stmt" count="5"/>
        <line num="409" type="stmt" count="1"/>
        <line num="419" type="method" name="type_alias" visibility="protected" complexity="1" crap="1" count="5"/>
        <line num="421" type="stmt" count="5"/>
        <metrics loc="423" ncloc="236" classes="1" methods="17" coveredmethods="17" conditionals="0" coveredconditionals="0" statements="140" coveredstatements="140" elements="157" coveredelements="157"/>
      </file>
    </package>
    <file name="/shared/httpd/php/htdocs/pc_modules/Module__Table_Builder/src/Interfaces/SQL_Builder.php">
      <metrics loc="36" ncloc="16" classes="0" methods="0" coveredmethods="0" conditionals="0" coveredconditionals="0" statements="0" coveredstatements="0" elements="0" coveredelements="0"/>
    </file>
    <file name="/shared/httpd/php/htdocs/pc_modules/Module__Table_Builder/src/Interfaces/SQL_Schema.php">
      <metrics loc="58" ncloc="21" classes="0" methods="0" coveredmethods="0" conditionals="0" coveredconditionals="0" statements="0" coveredstatements="0" elements="0" coveredelements="0"/>
    </file>
    <package name="PinkCrab\Table_Builder">
      <file name="/shared/httpd/php/htdocs/pc_modules/Module__Table_Builder/src/Table_Index.php">
        <class name="PinkCrab\Table_Builder\Table_Index" namespace="PinkCrab\Table_Builder" fullPackage="Table">
          <metrics complexity="11" methods="11" coveredmethods="11" conditionals="0" coveredconditionals="0" statements="22" coveredstatements="22" elements="33" coveredelements="33"/>
        </class>
        <line num="111" type="method" name="__construct" visibility="public" complexity="1" crap="1" count="13"/>
        <line num="112" type="stmt" count="13"/>
        <line num="113" type="stmt" count="13"/>
        <line num="122" type="method" name="name" visibility="public" complexity="1" crap="1" count="5"/>
        <line num="123" type="stmt" count="5"/>
        <line num="124" type="stmt" count="5"/>
        <line num="134" type="method" name="column" visibility="public" complexity="1" crap="1" count="3"/>
        <line num="135" type="stmt" count="3"/>
        <line num="136" type="stmt" count="3"/>
        <line num="146" type="method" name="unique" visibility="public" complexity="1" crap="1" count="3"/>
        <line num="147" type="stmt" count="3"/>
        <line num="148" type="stmt" count="3"/>
        <line num="158" type="method" name="full_text" visibility="public" complexity="1" crap="1" count="1"/>
        <line num="159" type="stmt" count="1"/>
        <line num="160" type="stmt" count="1"/>
        <line num="170" type="method" name="foreign_key" visibility="public" complexity="1" crap="1" count="3"/>
        <line num="171" type="stmt" count="3"/>
        <line num="172" type="stmt" count="3"/>
        <line num="182" type="method" name="hash" visibility="public" complexity="1" crap="1" count="1"/>
        <line num="183" type="stmt" count="1"/>
        <line num="184" type="stmt" count="1"/>
        <line num="194" type="method" name="reference_table" visibility="public" complexity="1" crap="1" count="2"/>
        <line num="195" type="stmt" count="2"/>
        <line num="196" type="stmt" count="2"/>
        <line num="206" type="method" name="reference_column" visibility="public" complexity="1" crap="1" count="3"/>
        <line num="207" type="stmt" count="3"/>
        <line num="208" type="stmt" count="3"/>
        <line num="218" type="method" name="on_update" visibility="public" complexity="1" crap="1" count="2"/>
        <line num="219" type="stmt" count="2"/>
        <line num="220" type="stmt" count="2"/>
        <line num="231" type="method" name="on_delete" visibility="public" complexity="1" crap="1" count="2"/>
        <line num="232" type="stmt" count="2"/>
        <line num="233" type="stmt" count="2"/>
        <metrics loc="235" ncloc="85" classes="1" methods="11" coveredmethods="11" conditionals="0" coveredconditionals="0" statements="22" coveredstatements="22" elements="33" coveredelements="33"/>
      </file>
      <file name="/shared/httpd/php/htdocs/pc_modules/Module__Table_Builder/src/Table_Schema.php">
        <class name="PinkCrab\Table_Builder\Table_Schema" namespace="PinkCrab\Table_Builder" fullPackage="Table">
          <metrics complexity="41" methods="24" coveredmethods="24" conditionals="0" coveredconditionals="0" statements="62" coveredstatements="62" elements="86" coveredelements="86"/>
        </class>
        <line num="72" type="method" name="table" visibility="public" complexity="1" crap="1" count="16"/>
        <line num="73" type="stmt" count="16"/>
        <line num="74" type="stmt" count="16"/>
        <line num="84" type="method" name="create" visibility="public" complexity="1" crap="1" count="15"/>
        <line num="85" type="stmt" count="15"/>
        <line num="86" type="stmt" count="15"/>
        <line num="87" type="stmt" count="15"/>
        <line num="97" type="method" name="primary" visibility="public" complexity="1" crap="1" count="11"/>
        <line num="98" type="stmt" count="11"/>
        <line num="99" type="stmt" count="11"/>
        <line num="109" type="method" name="index" visibility="public" complexity="1" crap="1" count="4"/>
        <line num="110" type="stmt" count="4"/>
        <line num="111" type="stmt" count="4"/>
        <line num="121" type="method" name="column" visibility="public" complexity="1" crap="1" count="15"/>
        <line num="122" type="stmt" count="15"/>
        <line num="123" type="stmt" count="15"/>
        <line num="128" type="stmt" count="15"/>
        <line num="138" type="method" name="type" visibility="public" complexity="1" crap="1" count="13"/>
        <line num="139" type="stmt" count="13"/>
        <line num="140" type="stmt" count="13"/>
        <line num="152" type="method" name="nullable" visibility="public" complexity="1" crap="1" count="6"/>
        <line num="153" type="stmt" count="6"/>
        <line num="154" type="stmt" count="6"/>
        <line num="187" type="method" name="length" visibility="public" complexity="1" crap="1" count="14"/>
        <line num="188" type="stmt" count="14"/>
        <line num="189" type="stmt" count="13"/>
        <line num="199" type="method" name="default" visibility="public" complexity="2" crap="2" count="7"/>
        <line num="200" type="stmt" count="7"/>
        <line num="201" type="stmt" count="7"/>
        <line num="211" type="method" name="auto_increment" visibility="public" complexity="1" crap="1" count="11"/>
        <line num="212" type="stmt" count="11"/>
        <line num="213" type="stmt" count="11"/>
        <line num="223" type="method" name="unsigned" visibility="public" complexity="1" crap="1" count="11"/>
        <line num="224" type="stmt" count="11"/>
        <line num="225" type="stmt" count="11"/>
        <line num="237" type="method" name="push_to_last_column" visibility="private" complexity="2" crap="2" count="14"/>
        <line num="238" type="stmt" count="14"/>
        <line num="239" type="stmt" count="1"/>
        <line num="242" type="stmt" count="13"/>
        <line num="243" type="stmt" count="13"/>
        <line num="252" type="method" name="create_table" visibility="public" complexity="1" crap="1" count="3"/>
        <line num="253" type="stmt" count="3"/>
        <line num="254" type="stmt" count="3"/>
        <line num="262" type="method" name="get_table_name" visibility="public" complexity="1" crap="1" count="10"/>
        <line num="263" type="stmt" count="10"/>
        <line num="272" type="method" name="get_primary_key" visibility="public" complexity="1" crap="1" count="7"/>
        <line num="273" type="stmt" count="7"/>
        <line num="282" type="method" name="get_indexes" visibility="public" complexity="1" crap="1" count="8"/>
        <line num="283" type="stmt" count="8"/>
        <line num="292" type="method" name="get_columns" visibility="public" complexity="1" crap="1" count="10"/>
        <line num="293" type="stmt" count="10"/>
        <line num="305" type="method" name="varchar" visibility="public" complexity="3" crap="3" count="2"/>
        <line num="306" type="stmt" count="2"/>
        <line num="307" type="stmt" count="2"/>
        <line num="308" type="stmt" count="2"/>
        <line num="310" type="stmt" count="2"/>
        <line num="320" type="method" name="text" visibility="public" complexity="3" crap="3" count="1"/>
        <line num="321" type="stmt" count="1"/>
        <line num="322" type="stmt" count="1"/>
        <line num="323" type="stmt" count="1"/>
        <line num="325" type="stmt" count="1"/>
        <line num="335" type="method" name="int" visibility="public" complexity="3" crap="3" count="9"/>
        <line num="336" type="stmt" count="9"/>
        <line num="337" type="stmt" count="9"/>
        <line num="338" type="stmt" count="9"/>
        <line num="340" type="stmt" count="9"/>
        <line num="350" type="method" name="float" visibility="public" complexity="3" crap="3" count="1"/>
        <line num="351" type="stmt" count="1"/>
        <line num="352" type="stmt" count="1"/>
        <line num="353" type="stmt" count="1"/>
        <line num="355" type="stmt" count="1"/>
        <line num="365" type="method" name="double" visibility="public" complexity="3" crap="3" count="1"/>
        <line num="366" type="stmt" count="1"/>
        <line num="367" type="stmt" count="1"/>
        <line num="368" type="stmt" count="1"/>
        <line num="370" type="stmt" count="1"/>
        <line num="380" type="method" name="datetime" visibility="public" complexity="3" crap="3" count="3"/>
        <line num="381" type="stmt" count="3"/>
        <line num="382" type="stmt" count="3"/>
        <line num="383" type="stmt" count="3"/>
        <line num="385" type="stmt" count="3"/>
        <line num="395" type="method" name="timestamp" visibility="public" complexity="3" crap="3" count="1"/>
        <line num="396" type="stmt" count="1"/>
        <line num="397" type="stmt" count="1"/>
        <line num="398" type="stmt" count="1"/>
        <line num="400" type="stmt" count="1"/>
        <metrics loc="402" ncloc="172" classes="1" methods="24" coveredmethods="24" conditionals="0" coveredconditionals="0" statements="62" coveredstatements="62" elements="86" coveredelements="86"/>
      </file>
    </package>
    <metrics files="5" loc="1154" ncloc="530" classes="3" methods="52" coveredmethods="52" conditionals="0" coveredconditionals="0" statements="224" coveredstatements="224" elements="276" coveredelements="276"/>
  </project>
</coverage>
